<?xml version="1.0" encoding="UTF-8"?>
<beans xmlns="http://www.springframework.org/schema/beans"
	xmlns:xsi="http://www.w3.org/2001/XMLSchema-instance" xmlns:p="http://www.springframework.org/schema/p"
	xmlns:context="http://www.springframework.org/schema/context"
	xmlns:mvc="http://www.springframework.org/schema/mvc" xmlns:tx="http://www.springframework.org/schema/tx"
	xsi:schemaLocation="http://www.springframework.org/schema/beans 
                           http://www.springframework.org/schema/beans/spring-beans.xsd
                           http://www.springframework.org/schema/context 
                           http://www.springframework.org/schema/context/spring-context.xsd
                           http://www.springframework.org/schema/mvc
                           http://www.springframework.org/schema/mvc/spring-mvc.xsd
                           http://www.springframework.org/schema/tx 
                           http://www.springframework.org/schema/tx/spring-tx.xsd">

	<context:component-scan base-package="org.jbulletin.dao.impl" />
	<context:component-scan base-package="org.jbulletin.service.impl" />
	<context:component-scan base-package="org.jbulletin.service" />
	<context:component-scan base-package="org.jbulletin.beans" />
	<context:component-scan base-package="org.jbulletin.validation" />
	
	<bean id="dataSource" class="org.apache.commons.dbcp.BasicDataSource">
		<property name="driverClassName" value="com.mysql.jdbc.Driver" />
		<property name="url" value="jdbc:mysql://localhost:3306/jbulletintestdb" />
		<property name="username" value="root" />
		<property name="initialSize" value="2" />
		<property name="maxActive" value="5" />
		<property name="defaultAutoCommit" value="false" />
	</bean>

	<bean id="sessionFactory"
		class="org.springframework.orm.hibernate4.LocalSessionFactoryBean">
		<property name="dataSource" ref="dataSource" />
		<property name="hibernateProperties">
			<props>
				<prop key="hibernate.dialect">org.hibernate.dialect.MySQL5InnoDBDialect</prop>
				<prop key="hibernate.show_sql">true</prop>
				<prop key="hibernate.hbm2ddl.auto">create</prop>
				<prop key="hibernate.transaction.flush_before_completion">true</prop>
			</props>
		</property>
		<property name="packagesToScan" value="org.jbulletin.model" />
	</bean>

	<bean id="transactionManager"
		class="org.springframework.orm.hibernate4.HibernateTransactionManager">
		<property name="sessionFactory" ref="sessionFactory" />
	</bean>

	<tx:annotation-driven transaction-manager="transactionManager" />

	<bean
		class="org.springframework.web.servlet.view.ContentNegotiatingViewResolver">
		<property name="contentNegotiationManager" ref="cnManager" />

		<property name="viewResolvers">
			<list>
				<!-- Default viewClass: JSTL view (JSP with html output) -->
				<bean
					class="org.springframework.web.servlet.view.InternalResourceViewResolver">
					<!-- Example: a logical view name of 'vets' is mapped to '/WEB-INF/jsp/vets.jsp' -->
					<property name="prefix" value="/WEB-INF/jsp/" />
					<property name="suffix" value=".jsp" />
				</bean>

				<!-- Used here for 'xml' and 'atom' views -->
				<bean class="org.springframework.web.servlet.view.BeanNameViewResolver" />
			</list>
		</property>
	</bean>

	<!-- Simple strategy: only path extension is taken into account -->
	<bean id="cnManager"
		class="org.springframework.web.accept.ContentNegotiationManagerFactoryBean">
		<property name="favorPathExtension" value="true" />
		<property name="ignoreAcceptHeader" value="true" />
		<property name="defaultContentType" value="text/html" />

		<property name="mediaTypes">
			<map>
				<entry key="html" value="text/html" />
				<entry key="xml" value="application/xml" />
				<entry key="atom" value="application/atom+xml" />
			</map>
		</property>
	</bean>
	
	<bean id="validator"
		class="org.springframework.validation.beanvalidation.LocalValidatorFactoryBean" />
</beans>